<?xml version="1.0" encoding="UTF-8"?>
<!-- Generated by org.testng.reporters.JUnitReportReporter -->
<testsuite hostname="DESKTOP-R0CA6L6" failures="0" tests="4" name="api.demo.tests.SparkReport_PetTest" time="18.663" errors="0" timestamp="2023-06-08T11:15:43 IST" skipped="0">
  <testcase classname="api.demo.tests.SparkReport_PetTest" name="TestPostPet" time="11.302"/>
  <system-out/>
  <testcase classname="api.demo.tests.SparkReport_PetTest" name="TestGetpet" time="1.842"/>
  <system-out/>
  <testcase classname="api.demo.tests.SparkReport_PetTest" name="TestPutPet" time="3.679"/>
  <system-out/>
  <testcase classname="api.demo.tests.SparkReport_PetTest" name="TestDeletePet" time="1.840"/>
  <system-out/>
</testsuite> <!-- api.demo.tests.SparkReport_PetTest -->
