<?xml version="1.0" encoding="UTF-8"?>
<!-- Generated by org.testng.reporters.JUnitReportReporter -->
<testsuite hostname="DESKTOP-R0CA6L6" failures="0" tests="4" name="api.demo.tests.SparkReport_PetTest" time="11.989" errors="0" timestamp="2023-06-08T13:38:34 IST" skipped="0">
  <testcase classname="api.demo.tests.SparkReport_PetTest" name="TestPostPet" time="5.628"/>
  <system-out/>
  <testcase classname="api.demo.tests.SparkReport_PetTest" name="TestGetpet" time="1.458"/>
  <system-out/>
  <testcase classname="api.demo.tests.SparkReport_PetTest" name="TestPutPet" time="3.388"/>
  <system-out/>
  <testcase classname="api.demo.tests.SparkReport_PetTest" name="TestDeletePet" time="1.515"/>
  <system-out/>
</testsuite> <!-- api.demo.tests.SparkReport_PetTest -->
