<?xml version="1.0" encoding="UTF-8"?>
<!-- Generated by org.testng.reporters.JUnitReportReporter -->
<testsuite hostname="DESKTOP-R0CA6L6" failures="0" tests="4" name="api.demo.tests.ExtentReport_PetTest" time="9.189" errors="0" timestamp="2023-06-08T11:15:43 IST" skipped="0">
  <testcase classname="api.demo.tests.ExtentReport_PetTest" name="TestPostPet" time="1.736"/>
  <system-out/>
  <testcase classname="api.demo.tests.ExtentReport_PetTest" name="TestGetpet" time="1.727"/>
  <system-out/>
  <testcase classname="api.demo.tests.ExtentReport_PetTest" name="TestPutPet" time="3.889"/>
  <system-out/>
  <testcase classname="api.demo.tests.ExtentReport_PetTest" name="TestDeletePet" time="1.837"/>
  <system-out/>
</testsuite> <!-- api.demo.tests.ExtentReport_PetTest -->
