<?xml version="1.0" encoding="UTF-8"?>
<!-- Generated by org.testng.reporters.JUnitReportReporter -->
<testsuite hostname="DESKTOP-R0CA6L6" failures="0" tests="4" name="api.demo.tests.PetTest" time="10.990" errors="0" timestamp="2023-06-08T12:48:33 IST" skipped="0">
  <testcase classname="api.demo.tests.PetTest" name="TestPostPet" time="2.609"/>
  <system-out/>
  <testcase classname="api.demo.tests.PetTest" name="TestGetpet" time="2.043"/>
  <system-out/>
  <testcase classname="api.demo.tests.PetTest" name="TestPutPet" time="4.301"/>
  <system-out/>
  <testcase classname="api.demo.tests.PetTest" name="TestDeletePet" time="2.037"/>
  <system-out/>
</testsuite> <!-- api.demo.tests.PetTest -->
