<?xml version="1.0" encoding="UTF-8"?>
<!-- Generated by org.testng.reporters.JUnitReportReporter -->
<testsuite hostname="DESKTOP-R0CA6L6" failures="0" tests="4" name="api.demo.tests.PetTest" time="11.166" errors="0" timestamp="2023-06-08T11:15:43 IST" skipped="0">
  <testcase classname="api.demo.tests.PetTest" name="TestPostPet" time="1.974"/>
  <system-out/>
  <testcase classname="api.demo.tests.PetTest" name="TestGetpet" time="3.166"/>
  <system-out/>
  <testcase classname="api.demo.tests.PetTest" name="TestPutPet" time="4.194"/>
  <system-out/>
  <testcase classname="api.demo.tests.PetTest" name="TestDeletePet" time="1.832"/>
  <system-out/>
</testsuite> <!-- api.demo.tests.PetTest -->
